c:\users\boral\desktop\lab1poo\mvngame\mvngame\x64\debug\vc143.pdb
c:\users\boral\desktop\lab1poo\mvngame\mvngame\x64\debug\vc143.idb
c:\users\boral\desktop\lab1poo\mvngame\mvngame\x64\debug\game.obj
c:\users\boral\desktop\lab1poo\mvngame\mvngame\x64\debug\entity.obj
c:\users\boral\desktop\lab1poo\mvngame\mvngame\x64\debug\knight.obj
c:\users\boral\desktop\lab1poo\mvngame\mvngame\x64\debug\king.obj
c:\users\boral\desktop\lab1poo\mvngame\mvngame\x64\debug\hero.obj
c:\users\boral\desktop\lab1poo\mvngame\mvngame\x64\debug\maingame.obj
c:\users\boral\desktop\lab1poo\mvngame\x64\debug\mvngame.exe
c:\users\boral\desktop\lab1poo\mvngame\x64\debug\mvngame.pdb
c:\users\boral\desktop\lab1poo\mvngame\mvngame\x64\debug\mvngame.ilk
c:\users\boral\desktop\lab1poo\mvngame\mvngame\x64\debug\animation.obj
c:\users\boral\desktop\lab1poo\mvngame\mvngame\x64\debug\main.obj
c:\users\boral\desktop\lab1poo\mvngame\mvngame\x64\debug\map.obj
c:\users\boral\desktop\lab1poo\mvngame\mvngame\x64\debug\mvngame.tlog\cl.command.1.tlog
c:\users\boral\desktop\lab1poo\mvngame\mvngame\x64\debug\mvngame.tlog\cl.items.tlog
c:\users\boral\desktop\lab1poo\mvngame\mvngame\x64\debug\mvngame.tlog\cl.write.1.tlog
c:\users\boral\desktop\lab1poo\mvngame\mvngame\x64\debug\mvngame.tlog\link.command.1.tlog
c:\users\boral\desktop\lab1poo\mvngame\mvngame\x64\debug\mvngame.tlog\link.read.1.tlog
c:\users\boral\desktop\lab1poo\mvngame\mvngame\x64\debug\mvngame.tlog\link.secondary.1.tlog
c:\users\boral\desktop\lab1poo\mvngame\mvngame\x64\debug\mvngame.tlog\link.write.1.tlog
